<?xml version="1.0" encoding="UTF-8"?>
<!-- Generated by org.testng.reporters.JUnitXMLReporter -->
<testsuite hostname="Ullas-PC" name="Learning Assertions" tests="2" failures="1" timestamp="5 Jul 2015 17:41:38 GMT" time="19.772" errors="0">
  <testcase name="testSample" time="7.526" classname="SeleniumStart.TestNGSample">
    <failure type="java.lang.AssertionError" message="expected [false] but found [true]">
      <![CDATA[java.lang.AssertionError: expected [false] but found [true]
	at SeleniumStart.TestNGSample.testSample(Unknown Source)
... Removed 28 stack frames]]>
    </failure>
  </testcase> <!-- testSample -->
  <testcase name="testSample1" time="0.0" classname="SeleniumStart.TestNGSample">
    <skipped/>
  </testcase> <!-- testSample1 -->
</testsuite> <!-- Learning Assertions -->
